<?xml version="1.0" encoding="UTF-8"?>
<!-- Generated by org.testng.reporters.JUnitReportReporter -->
<testsuite hostname="Shubhangi30" failures="0" tests="1" name="ClearTrip.Project2.Testcase5" time="47.479" errors="0" timestamp="2024-11-25T13:18:45 IST" skipped="0">
  <testcase classname="ClearTrip.Project2.Testcase5" name="Round_Trip" time="47.479"/>
  <system-out/>
</testsuite> <!-- ClearTrip.Project2.Testcase5 -->
