<?xml version="1.0" encoding="UTF-8"?>
<!-- Generated by org.testng.reporters.JUnitReportReporter -->
<testsuite hostname="Shubhangi30" failures="0" tests="1" name="ClearTrip.Project2.Testcase9" time="40.682" errors="0" timestamp="2024-11-28T13:13:04 IST" skipped="0">
  <testcase classname="ClearTrip.Project2.Testcase9" name="MultilplePassanger" time="40.682"/>
  <system-out/>
</testsuite> <!-- ClearTrip.Project2.Testcase9 -->
