<?xml version="1.0" encoding="UTF-8"?>
<!-- Generated by org.testng.reporters.JUnitReportReporter -->
<testsuite hostname="Shubhangi30" failures="0" tests="1" name="ClearTrip.Project2.Testcase6" time="54.547" errors="0" timestamp="2024-11-27T10:46:40 IST" skipped="0">
  <testcase classname="ClearTrip.Project2.Testcase6" name="FlightClass" time="54.547"/>
  <system-out/>
</testsuite> <!-- ClearTrip.Project2.Testcase6 -->
